Initializing log file.
2:45:17 PM: Title:  
 Description:  
 Type:  
 InstanceID: 00000001, 000000C8, 00000080, 00000000, 00000080, 0D0DB6FB, 00000001, 00000000, 000000C8, FF506E67, 00000000, 00000000, 00000001, 00000135, FF2BC9F0, 00000001, 000000C8, 000000C8, FF2BAFE2, 00000000, FFD39E92, 000000C8, 00000000, 00000080, 00000000, 000000C8, 000000C9, 00000081, 00000000, 00000081, 00000000, 000000C8, 00000000, 000000C9, FF867132, 000000C8, 286B1F03, FF9725F8, 000000C8, 000000C9, 000000C9, 000000C9, 00000000, 00000081 
 Location: M:\The Sims 4 (Documents)\TESTING FOLDER\guids and instances\CAS! (17).package 
 PackageName: CAS! (12).package 
 Game: 2 
 DBPF: DBPF 
 Major: 1 
 Minor: 0 
 Date Created: 0 
 Date Modified: 0 
 Index Major Version: 7 
 Index Count: 381 
 Index Offset: 569652 
 Index Size: 7620 
 Holes Count: 104 
 Holes Offset: 581376 
 Holes Size: 832 
 Index Minor Version: 4294967295 
 XML Type:  
 XML Subtype:  
 XML Category:  
 XML Model Name:  
 Object GUIDs:  
 XML Creator:  
 XML Age:  
 XML Gender:  
 Required EPs:  
 Function:  
 Function Subcategory:  
 Room Sort:  
 Entries:  
 Has Mesh: False 
 Is Recolor: False 
 Orphaned: False
2:45:17 PM: Title:  
 Description:  
 Type:  
 InstanceID: 00000001, 000000C8, 00000080, 00000000, 00000080, 0D0DB6FB, 00000001, 00000000, 000000C8, FF506E67, 00000000, 00000000, 00000001, 00000135, FF2BC9F0, 00000001, 000000C8, 000000C8, FF2BAFE2, 00000000, FFD39E92, 000000C8, 00000000, 00000080, 00000000, 000000C8, 000000C9, 00000081, 00000000, 00000081, 00000000, 000000C8, 00000000, 000000C9, FF867132, 000000C8, 286B1F03, FF9725F8, 000000C8, 000000C9, 000000C9, 000000C9, 00000000, 00000081 
 Location: M:\The Sims 4 (Documents)\TESTING FOLDER\guids and instances\CAS! (17).package 
 PackageName: CAS! (12).package 
 Game: 2 
 DBPF: DBPF 
 Major: 1 
 Minor: 0 
 Date Created: 0 
 Date Modified: 0 
 Index Major Version: 7 
 Index Count: 381 
 Index Offset: 569652 
 Index Size: 7620 
 Holes Count: 104 
 Holes Offset: 581376 
 Holes Size: 832 
 Index Minor Version: 4294967295 
 XML Type:  
 XML Subtype:  
 XML Category:  
 XML Model Name:  
 Object GUIDs:  
 XML Creator:  
 XML Age:  
 XML Gender:  
 Required EPs:  
 Function:  
 Function Subcategory:  
 Room Sort:  
 Entries:  
 Has Mesh: False 
 Is Recolor: False 
 Orphaned: False
2:45:17 PM: Title:  
 Description:  
 Type:  
 InstanceID: 00000001, 000000C8, 00000080, 00000000, 00000080, 0D0DB6FB, 00000001, 00000000, 000000C8, FF506E67, 00000000, 00000000, 00000001, 00000135, FF2BC9F0, 00000001, 000000C8, 000000C8, FF2BAFE2, 00000000, FFD39E92, 000000C8, 00000000, 00000080, 00000000, 000000C8, 000000C9, 00000081, 00000000, 00000081, 00000000, 000000C8, 00000000, 000000C9, FF867132, 000000C8, 286B1F03, FF9725F8, 000000C8, 000000C9, 000000C9, 000000C9, 00000000, 00000081 
 Location: M:\The Sims 4 (Documents)\TESTING FOLDER\guids and instances\CAS! (17).package 
 PackageName: CAS! (12).package 
 Game: 2 
 DBPF: DBPF 
 Major: 1 
 Minor: 0 
 Date Created: 0 
 Date Modified: 0 
 Index Major Version: 7 
 Index Count: 381 
 Index Offset: 569652 
 Index Size: 7620 
 Holes Count: 104 
 Holes Offset: 581376 
 Holes Size: 832 
 Index Minor Version: 4294967295 
 XML Type:  
 XML Subtype:  
 XML Category:  
 XML Model Name:  
 Object GUIDs:  
 XML Creator:  
 XML Age:  
 XML Gender:  
 Required EPs:  
 Function:  
 Function Subcategory:  
 Room Sort:  
 Entries:  
 Has Mesh: False 
 Is Recolor: False 
 Orphaned: False
2:45:17 PM: Title:  
 Description:  
 Type:  
 InstanceID: 00000001, 000000C8, 00000080, 00000000, 00000080, 0D0DB6FB, 00000001, 00000000, 000000C8, FF506E67, 00000000, 00000000, 00000001, 00000135, FF2BC9F0, 00000001, 000000C8, 000000C8, FF2BAFE2, 00000000, FFD39E92, 000000C8, 00000000, 00000080, 00000000, 000000C8, 000000C9, 00000081, 00000000, 00000081, 00000000, 000000C8, 00000000, 000000C9, FF867132, 000000C8, 286B1F03, FF9725F8, 000000C8, 000000C9, 000000C9, 000000C9, 00000000, 00000081 
 Location: M:\The Sims 4 (Documents)\TESTING FOLDER\guids and instances\CAS! (17).package 
 PackageName: CAS! (12).package 
 Game: 2 
 DBPF: DBPF 
 Major: 1 
 Minor: 0 
 Date Created: 0 
 Date Modified: 0 
 Index Major Version: 7 
 Index Count: 381 
 Index Offset: 569652 
 Index Size: 7620 
 Holes Count: 104 
 Holes Offset: 581376 
 Holes Size: 832 
 Index Minor Version: 4294967295 
 XML Type:  
 XML Subtype:  
 XML Category:  
 XML Model Name:  
 Object GUIDs:  
 XML Creator:  
 XML Age:  
 XML Gender:  
 Required EPs:  
 Function:  
 Function Subcategory:  
 Room Sort:  
 Entries:  
 Has Mesh: False 
 Is Recolor: False 
 Orphaned: False
2:45:17 PM: Title:  
 Description:  
 Type:  
 InstanceID: 00000001, 000000C8, 00000080, 00000000, 00000080, 0D0DB6FB, 00000001, 00000000, 000000C8, FF506E67, 00000000, 00000000, 00000001, 00000135, FF2BC9F0, 00000001, 000000C8, 000000C8, FF2BAFE2, 00000000, FFD39E92, 000000C8, 00000000, 00000080, 00000000, 000000C8, 000000C9, 00000081, 00000000, 00000081, 00000000, 000000C8, 00000000, 000000C9, FF867132, 000000C8, 286B1F03, FF9725F8, 000000C8, 000000C9, 000000C9, 000000C9, 00000000, 00000081 
 Location: M:\The Sims 4 (Documents)\TESTING FOLDER\guids and instances\CAS! (17).package 
 PackageName: CAS! (12).package 
 Game: 2 
 DBPF: DBPF 
 Major: 1 
 Minor: 0 
 Date Created: 0 
 Date Modified: 0 
 Index Major Version: 7 
 Index Count: 381 
 Index Offset: 569652 
 Index Size: 7620 
 Holes Count: 104 
 Holes Offset: 581376 
 Holes Size: 832 
 Index Minor Version: 4294967295 
 XML Type:  
 XML Subtype:  
 XML Category:  
 XML Model Name:  
 Object GUIDs:  
 XML Creator:  
 XML Age:  
 XML Gender:  
 Required EPs:  
 Function:  
 Function Subcategory:  
 Room Sort:  
 Entries:  
 Has Mesh: False 
 Is Recolor: False 
 Orphaned: False
2:45:17 PM: Title:  
 Description:  
 Type:  
 InstanceID: 00000000, 00000081, 00000085, 00000000, 00000085, 8CD65EA1, 286B1F03, 00000000, 00000081, 000000AC, 286B1F03, 00000081, 00000081, 00000084, 00000000, 00000085 
 Location: M:\The Sims 4 (Documents)\TESTING FOLDER\guids and instances\catpatterns.bundle (16).package 
 PackageName: catpatterns.bundle (16).package 
 Game: 2 
 DBPF: DBPF 
 Major: 1 
 Minor: 1 
 Date Created: 0 
 Date Modified: 0 
 Index Major Version: 0 
 Index Count: 0 
 Index Offset: 0 
 Index Size: 0 
 Holes Count: 0 
 Holes Offset: 0 
 Holes Size: 0 
 Index Minor Version: 0 
 XML Type:  
 XML Subtype:  
 XML Category:  
 XML Model Name:  
 Object GUIDs:  
 XML Creator:  
 XML Age:  
 XML Gender:  
 Required EPs:  
 Function:  
 Function Subcategory:  
 Room Sort:  
 Entries:  
 Has Mesh: False 
 Is Recolor: False 
 Orphaned: False
2:45:17 PM: Title:  
 Description:  
 Type:  
 InstanceID: 00000000, 00000084, 00000086, 00000000, 00000086, 4CE5E4B6, 00000000, 00000084, 00000084, 00000084, 00000085, 00000000, 00000086, 00000000, 00000081, FFD9D169, 286B1F03 
 Location: M:\The Sims 4 (Documents)\TESTING FOLDER\guids and instances\CAS (18).package 
 PackageName: CAS (18).package 
 Game: 2 
 DBPF: DBPF 
 Major: 1 
 Minor: 1 
 Date Created: 0 
 Date Modified: 0 
 Index Major Version: 7 
 Index Count: 19 
 Index Offset: 300558 
 Index Size: 2760 
 Holes Count: 0 
 Holes Offset: 0 
 Holes Size: 0 
 Index Minor Version: 0 
 XML Type:  
 XML Subtype:  
 XML Category:  
 XML Model Name:  
 Object GUIDs:  
 XML Creator:  
 XML Age:  
 XML Gender:  
 Required EPs:  
 Function:  
 Function Subcategory:  
 Room Sort:  
 Entries:  
 Has Mesh: False 
 Is Recolor: False 
 Orphaned: False
2:45:17 PM: Title:  
 Description:  
 Type:  
 InstanceID: 00000000, 00000084, 00000086, 00000000, 00000086, 4CE5E4B6, 00000000, 00000084, 00000084, 00000084, 00000085, 00000000, 00000086, 00000000, 00000081, FFD9D169, 286B1F03 
 Location: M:\The Sims 4 (Documents)\TESTING FOLDER\guids and instances\CAS (18).package 
 PackageName: CAS (18).package 
 Game: 2 
 DBPF: DBPF 
 Major: 1 
 Minor: 1 
 Date Created: 0 
 Date Modified: 0 
 Index Major Version: 7 
 Index Count: 19 
 Index Offset: 478562 
 Index Size: 2760 
 Holes Count: 0 
 Holes Offset: 0 
 Holes Size: 0 
 Index Minor Version: 0 
 XML Type:  
 XML Subtype:  
 XML Category:  
 XML Model Name:  
 Object GUIDs:  
 XML Creator:  
 XML Age:  
 XML Gender:  
 Required EPs:  
 Function:  
 Function Subcategory:  
 Room Sort:  
 Entries:  
 Has Mesh: False 
 Is Recolor: False 
 Orphaned: False
2:45:18 PM: Title:  
 Description:  
 Type:  
 InstanceID: 00000000, 748EB189, 00000085, 00000087, 00000000, 00000087, ECE49715, 00000000, 00000085, 00000085, 00000085, 00000088, 00000000, 00000087, EFA34CE8, 00000082, 726642BF, 00000000, 00000080 
 Location: M:\The Sims 4 (Documents)\TESTING FOLDER\guids and instances\catcanhobjects.bundle (15).package 
 PackageName: catcanhobjects.bundle (15).package 
 Game: 2 
 DBPF: DBPF 
 Major: 1 
 Minor: 1 
 Date Created: 0 
 Date Modified: 0 
 Index Major Version: 7 
 Index Count: 14 
 Index Offset: 12678659 
 Index Size: 0 
 Holes Count: 0 
 Holes Offset: 0 
 Holes Size: 0 
 Index Minor Version: 0 
 XML Type:  
 XML Subtype:  
 XML Category:  
 XML Model Name:  
 Object GUIDs:  
 XML Creator:  
 XML Age:  
 XML Gender:  
 Required EPs:  
 Function:  
 Function Subcategory:  
 Room Sort:  
 Entries:  
 Has Mesh: False 
 Is Recolor: False 
 Orphaned: False
2:45:18 PM: Title:  
 Description:  
 Type:  
 InstanceID: 00000000, 748EB189, 00000085, 00000087, 00000000, 00000087, ECE49715, 00000000, 00000085, 00000085, 00000085, 00000088, 00000000, 00000087, EFA34CE8, 00000082, 726642BF, 00000000, 00000080, D48EB100, 00000088, 00000088, 00000000, 00000088, ECC14615, 00000000, 00000088 
 Location: M:\The Sims 4 (Documents)\TESTING FOLDER\guids and instances\catcanhobjects.bundle (15).package 
 PackageName: catcanhobjects.bundle (15).package 
 Game: 2 
 DBPF: DBPF 
 Major: 1 
 Minor: 1 
 Date Created: 0 
 Date Modified: 0 
 Index Major Version: 7 
 Index Count: 14 
 Index Offset: 6758 
 Index Size: 96 
 Holes Count: 0 
 Holes Offset: 0 
 Holes Size: 0 
 Index Minor Version: 0 
 XML Type:  
 XML Subtype:  
 XML Category:  
 XML Model Name:  
 Object GUIDs:  
 XML Creator:  
 XML Age:  
 XML Gender:  
 Required EPs:  
 Function:  
 Function Subcategory:  
 Room Sort:  
 Entries:  
 Has Mesh: False 
 Is Recolor: False 
 Orphaned: False
2:45:18 PM: Title:  
 Description:  
 Type:  
 InstanceID: 0FC5E00A, 00000083, 0000007B, 00000000, 00000081, 00000000, 00000089, 00000089, 00000000, 00000089, 4CE49940, 00000000, 00000089, 00000089, 00000089, 0000008A, 00000000, 00000089, 2FBCAF29, 00000085, 0000007B, FF11CC79, 00000000, 00000000, 00000082, EEC86741, 0000008A, 0000008A, 00000000, 0000008A, CCC1441E, 00000000, 0000008A, 0000008A, 0000008A, 0000008B, 00000000, 0000008A, 6FA34C69, 00000086, 0000007B, FF213A38, 286B1F03, 00000001, FFA87950, 00000000, 00000083, 3490D745, 0000008B, 0000008B, 00000001, 0000008B, ACC13615, 00000001, 0000008B, 0000008B, 0000008B, 0000008C, 00000001, 0000008B, 8FB4783B, 00000087, 72664725, FF26097C, 0000007B, 00000001, 00000001, 00000085, 548EAD7A, 0000008C, 0000008C, 00000001, 0000008C, ECC26164, 00000001, 0000008C, 0000008C, 0000008C, 0000008D, 00000001, 0000008C 
 Location: M:\The Sims 4 (Documents)\TESTING FOLDER\guids and instances\Build (20).package 
 PackageName: Build (20).package 
 Game: 2 
 DBPF: DBPF 
 Major: 1 
 Minor: 1 
 Date Created: 0 
 Date Modified: 0 
 Index Major Version: 7 
 Index Count: 1 
 Index Offset: 2000797 
 Index Size: 24 
 Holes Count: 0 
 Holes Offset: 0 
 Holes Size: 0 
 Index Minor Version: 1 
 XML Type:  
 XML Subtype:  
 XML Category:  
 XML Model Name:  
 Object GUIDs:  
 XML Creator:  
 XML Age:  
 XML Gender:  
 Required EPs:  
 Function:  
 Function Subcategory:  
 Room Sort:  
 Entries:  
 Has Mesh: False 
 Is Recolor: False 
 Orphaned: False
2:45:18 PM: Title: Young Adult 
 Description: Enter Household Name 
 Type:  
 InstanceID: 0000007B, 286B1F03, 00000001, 00000086, 8EC8670E, 0000008D, 0000008D, 00000001, 0000008D, 2CC14644, 00000001, 0000008D, 0000008D, 0000008D, 0000008E, 00000001, 0000008D, 6EA54D17, 00000089, 0000007B 
 Location: M:\The Sims 4 (Documents)\TESTING FOLDER\guids and instances\Build (21).package 
 PackageName: Build (21).package 
 Game: 2 
 DBPF: DBPF 
 Major: 1 
 Minor: 2 
 Date Created: 0 
 Date Modified: 0 
 Index Major Version: 7 
 Index Count: 0 
 Index Offset: 0 
 Index Size: 0 
 Holes Count: 0 
 Holes Offset: 0 
 Holes Size: 0 
 Index Minor Version: 0 
 XML Type:  
 XML Subtype:  
 XML Category:  
 XML Model Name:  
 Object GUIDs:  
 XML Creator:  
 XML Age:  
 XML Gender:  
 Required EPs:  
 Function:  
 Function Subcategory:  
 Room Sort:  
 Entries:  
 Has Mesh: False 
 Is Recolor: False 
 Orphaned: False
2:45:18 PM: Title:  
 Description:  
 Type:  
 InstanceID: 4FCC6C66, 00000001, 00000087, B490DADB, 0000008E, 286B1F03, 00000001, 286B1F03, 6CC13E2F, 00000001, 0000008E, 0000008E, 0000008E, 0000008F, 00000001, 286B1F03, 6FBDC963, 0000008A, 0000007B, 4FCC6C66 
 Location: M:\The Sims 4 (Documents)\TESTING FOLDER\guids and instances\CAS_Shared.package 
 PackageName: CAS_Shared.package 
 Game: 2 
 DBPF: DBPF 
 Major: 1 
 Minor: 2 
 Date Created: 0 
 Date Modified: 0 
 Index Major Version: 7 
 Index Count: 5 
 Index Offset: 71158 
 Index Size: 420 
 Holes Count: 7 
 Holes Offset: 636936 
 Holes Size: 56 
 Index Minor Version: 0 
 XML Type:  
 XML Subtype:  
 XML Category:  
 XML Model Name:  
 Object GUIDs:  
 XML Creator:  
 XML Age:  
 XML Gender:  
 Required EPs:  
 Function:  
 Function Subcategory:  
 Room Sort:  
 Entries:  
 Has Mesh: False 
 Is Recolor: False 
 Orphaned: False
2:45:19 PM: Title: Young AdultYoung Adult 
 Description: Enter Household Name 
 Type:  
 InstanceID: 00000088, 000000C8, F48EAD9E, 0000008F, FF0CAAC5, 00000096, ACD909CB, FF0CAAC5, 0000008F, 0000008F, 0000008F, 00000090, FF0CAAC5, 00000096, 4FA34D7F, 0000008B, 0000007B, 4FCC6C67, FF0CAAC5, 00000089, 000000C9, 748EB0D8, 00000090, 00000001, 00000097, 6CD650B6, 00000001, 00000090, 00000090, 00000090, 00000091, 00000001, 00000097, 00000001, EEA54E07, 0000008C, 0000007B, 4FCC6C67, 00000001, 0000008A, 00000190, 2EC8655A, 00000091, 00000001, 00000098, 8CDE05A8, 00000001, 00000091, 00000091, 00000091, 00000092, 00000001, 00000098, 000000C8, 0000007B, 0000008D, D431F5A2, FFB6401D, 4FCC6C68, 00000001, 0000008B, 0000012C, 1490DA01, 00000092, 00000001, 0000009A, CCD668CA, 00000001, 00000092, 00000092, 00000092, 286B1F03, 00000001, 0000009A, 00000099, 0000007B, 286B1F03, F431F680, FF6097CF, 4FCC6C68, 00000001, 0000008C, 00000080, 74A39C9F, 286B1F03, 00000001, CCDE03A0, 00000001, 286B1F03, 286B1F03, 286B1F03, 00000001, 0000009B, 000000AC, 0000007B, B431F6AE, FF599ECB, 4FCC6C69, 00000001, 0000008D, 00000081, 3490DB19, 00000002, 6CC14452, 00000002, 00000001, 286B1F03, 0000007B, D43375F1, 4FCC6C69, 00000002, 00000096, 00000084, 74A39CA2, 00000002, 0CC13E62, 00000002, 00000002, 0000007B, B431F362 
 Location: M:\The Sims 4 (Documents)\TESTING FOLDER\guids and instances\Buy (6).package 
 PackageName: Buy (6).package 
 Game: 2 
 DBPF: DBPF 
 Major: 1 
 Minor: 1 
 Date Created: 0 
 Date Modified: 0 
 Index Major Version: 7 
 Index Count: 3 
 Index Offset: 8916390 
 Index Size: 72 
 Holes Count: 0 
 Holes Offset: 0 
 Holes Size: 0 
 Index Minor Version: 1 
 XML Type:  
 XML Subtype:  
 XML Category:  
 XML Model Name:  
 Object GUIDs:  
 XML Creator:  
 XML Age:  
 XML Gender:  
 Required EPs:  
 Function:  
 Function Subcategory:  
 Room Sort:  
 Entries:  
 Has Mesh: False 
 Is Recolor: False 
 Orphaned: False
2:45:19 PM: Title:  
 Description:  
 Type:  
 InstanceID: F431F6D1 
 Location: M:\The Sims 4 (Documents)\TESTING FOLDER\guids and instances\Buy (7).package 
 PackageName: Buy (7).package 
 Game: 2 
 DBPF:  
 Major: 0 
 Minor: 0 
 Date Created: 0 
 Date Modified: 0 
 Index Major Version: 0 
 Index Count: 0 
 Index Offset: 0 
 Index Size: 0 
 Holes Count: 0 
 Holes Offset: 0 
 Holes Size: 0 
 Index Minor Version: 0 
 XML Type:  
 XML Subtype:  
 XML Category:  
 XML Model Name:  
 Object GUIDs:  
 XML Creator:  
 XML Age:  
 XML Gender:  
 Required EPs:  
 Function:  
 Function Subcategory:  
 Room Sort:  
 Entries:  
 Has Mesh: False 
 Is Recolor: False 
 Orphaned: False
2:45:19 PM: Title:  
 Description:  
 Type:  
 InstanceID: F431F6D1 
 Location: M:\The Sims 4 (Documents)\TESTING FOLDER\guids and instances\Buy (7).package 
 PackageName: Buy (7).package 
 Game: 2 
 DBPF:  
 Major: 0 
 Minor: 0 
 Date Created: 0 
 Date Modified: 0 
 Index Major Version: 0 
 Index Count: 0 
 Index Offset: 0 
 Index Size: 0 
 Holes Count: 0 
 Holes Offset: 0 
 Holes Size: 0 
 Index Minor Version: 0 
 XML Type:  
 XML Subtype:  
 XML Category:  
 XML Model Name:  
 Object GUIDs:  
 XML Creator:  
 XML Age:  
 XML Gender:  
 Required EPs:  
 Function:  
 Function Subcategory:  
 Room Sort:  
 Entries:  
 Has Mesh: False 
 Is Recolor: False 
 Orphaned: False
2:45:20 PM: Title:  
 Description:  
 Type:  
 InstanceID: 6CD662E3, 00000002, 00000002, 0000007B, 4FCC6C6B, 00000002, 0000009A, 00000089, 9490D9D9, 00000002, 8CDCC043, 00000002, 00000002, 0000007B, 4FCC6C6B, 00000002, 0000009B, 0000008A, B490DA2E, FFB7D432, 00000002, 2CD9080C, 00000002, 00000002, 0000007B, 4FCC6C6C, 00000002, 286B1F03, 0000008B, D48EB128, 00000001, 00000001, 00000003, ECD65ECF, 00000003, 00000002, 0000007B 
 Location: M:\The Sims 4 (Documents)\TESTING FOLDER\guids and instances\CAS_Shared (5).package 
 PackageName: CAS_Shared (5).package 
 Game: 2 
 DBPF: DBPF 
 Major: 1 
 Minor: 1 
 Date Created: 0 
 Date Modified: 0 
 Index Major Version: 7 
 Index Count: 5 
 Index Offset: 45777 
 Index Size: 100 
 Holes Count: 0 
 Holes Offset: 0 
 Holes Size: 0 
 Index Minor Version: 0 
 XML Type:  
 XML Subtype:  
 XML Category:  
 XML Model Name:  
 Object GUIDs:  
 XML Creator:  
 XML Age:  
 XML Gender:  
 Required EPs:  
 Function:  
 Function Subcategory:  
 Room Sort:  
 Entries:  
 Has Mesh: False 
 Is Recolor: False 
 Orphaned: False
2:45:20 PM: Title:  
 Description:  
 Type:  
 InstanceID: 6CD662E3, 00000002, 00000002, 0000007B, 4FCC6C6B, 00000002, 0000009A, 00000089, 9490D9D9, 00000002, 8CDCC043, 00000002, 00000002, 0000007B, 4FCC6C6B, 00000002, 0000009B, 0000008A, B490DA2E, FFB7D432, 00000002, 2CD9080C, 00000002, 00000002, 0000007B, 4FCC6C6C, 00000002, 286B1F03, 0000008B, D48EB128, 00000001, 00000001, 00000003, ECD65ECF, 00000003, 00000002, 0000007B 
 Location: M:\The Sims 4 (Documents)\TESTING FOLDER\guids and instances\CAS_Shared (5).package 
 PackageName: CAS_Shared (5).package 
 Game: 2 
 DBPF: DBPF 
 Major: 1 
 Minor: 1 
 Date Created: 0 
 Date Modified: 0 
 Index Major Version: 7 
 Index Count: 5 
 Index Offset: 45777 
 Index Size: 100 
 Holes Count: 0 
 Holes Offset: 0 
 Holes Size: 0 
 Index Minor Version: 0 
 XML Type:  
 XML Subtype:  
 XML Category:  
 XML Model Name:  
 Object GUIDs:  
 XML Creator:  
 XML Age:  
 XML Gender:  
 Required EPs:  
 Function:  
 Function Subcategory:  
 Room Sort:  
 Entries:  
 Has Mesh: False 
 Is Recolor: False 
 Orphaned: False
2:45:20 PM: Title:  
 Description:  
 Type:  
 InstanceID: 4FCC6C6C, 00000003, 0000008C, B4A39CA3, 000000C8, 000000C8, 00000003, 2CC25BB8, 00000003, 00000003, 0000007B, 4FCC6C6D, 00000003, 0000008D, 148EB0C7, 00000099, 286B1F03, 00000003, ECD664D9, 00000003, 00000003, 0000007B, 4FCC6C6D, 00000003, 0000008E, F4A39C8A, 000000AC, 00000099, 00000004, 4CC14272, 00000004, 00000003, FF7BC766, 0000007B, 00000001, 4FCC6C6E, 00000004, 0000008F, 5490D88B, 286B1F03, 000000AC, 00000004, 8CEA13CD, 00000004, 00000004, 0FA34C82, 286B1F03 
 Location: M:\The Sims 4 (Documents)\TESTING FOLDER\guids and instances\CAS_Shared (11).package 
 PackageName: CAS_Shared (11).package 
 Game: 2 
 DBPF: DBPF 
 Major: 1 
 Minor: 1 
 Date Created: 0 
 Date Modified: 0 
 Index Major Version: 7 
 Index Count: 4 
 Index Offset: 35116 
 Index Size: 80 
 Holes Count: 0 
 Holes Offset: 0 
 Holes Size: 0 
 Index Minor Version: 0 
 XML Type:  
 XML Subtype:  
 XML Category:  
 XML Model Name:  
 Object GUIDs:  
 XML Creator:  
 XML Age:  
 XML Gender:  
 Required EPs:  
 Function:  
 Function Subcategory:  
 Room Sort:  
 Entries:  
 Has Mesh: False 
 Is Recolor: False 
 Orphaned: False
2:45:21 PM: Title: Failed to connect to the Internet. 
 Description: Login failed. 
 Type:  
 InstanceID: 4FCC6C71, 00000006, 748EB1DB, 00000006, ECC14065, 00000006, 00000006, 0000007B, 00000085, 4FCC6C72 
 Location: M:\The Sims 4 (Documents)\TESTING FOLDER\guids and instances\catpatterns.bundle (4).package 
 PackageName: catpatterns.bundle (4).package 
 Game: 2 
 DBPF: DBPF 
 Major: 1 
 Minor: 1 
 Date Created: 0 
 Date Modified: 0 
 Index Major Version: 7 
 Index Count: 304 
 Index Offset: 0 
 Index Size: 0 
 Holes Count: 0 
 Holes Offset: 0 
 Holes Size: 0 
 Index Minor Version: 0 
 XML Type:  
 XML Subtype:  
 XML Category:  
 XML Model Name:  
 Object GUIDs:  
 XML Creator:  
 XML Age:  
 XML Gender:  
 Required EPs:  
 Function:  
 Function Subcategory:  
 Room Sort:  
 Entries:  
 Has Mesh: False 
 Is Recolor: False 
 Orphaned: False
2:45:22 PM: Title: Young Adult 
 Description: Enter Household Name 
 Type:  
 InstanceID: D490D9F1, 00000006, 6CDE03E6, 00000006, 00000006, 0000007B, 00000086, 4FCC6C72, 00000006, EEC86853, 00000007, 8CE49785, 00000007, 00000006, 0000007B, 72AD796E, 00000087, 4FCC6C73, 00000007, 7490DB3F, 00000007, 0CD6510D, 00000007, 00000007, 0000007B, 00000000, 00000088, 00000000, 4FCC6C73, 00000007, 94A4FE07, 00000007, 8CDE05EB, 00000007, 00000007, 0000007B, 723FFC29, 00000089, 286B1F03, 4FCC6C74, 00000007, F490DBCD, 00000008, 6CDE03F0, 00000008, 00000007, 0000007B, F23FF55B, 0000008A, CE9D2850, 4FCC6C74, 00000008, 548EAC4D, 00000008, CCD64AE7, 00000008, 00000008, 0000007B, B23FF4FF, 0000008B, 4E9D26F8, 4FCC6C75, 00000008, F490DA51, 00000008, 8CDD08CA, 00000008, 00000008, 0000007B, 723FF7AD, 0000008C, 0000007B, 4FCC6C75, 00000008, 9490DA1D, 00000009, ECC13466, 00000009, 00000008, 0000007B, F23FFE7E, 0000008D, 0000007B, 4FCC6C76, 00000009, B48EB051, 00000009, 2CC255DC, 00000009, 00000009, 0000007B, B23FFB18, 286B1F03, 0000007B, 4FCC6C76, 00000009, D4A4FDFC, 00000009, ECDE05E1, 00000009, 00000009, 0000007B, 325CF337, 0000007B 
 Location: M:\The Sims 4 (Documents)\TESTING FOLDER\guids and instances\catcanhobjects.bundle (10).package 
 PackageName: catcanhobjects.bundle (10).package 
 Game: 2 
 DBPF: DBPF 
 Major: 1 
 Minor: 1 
 Date Created: 0 
 Date Modified: 0 
 Index Major Version: 7 
 Index Count: 16 
 Index Offset: 8746 
 Index Size: 320 
 Holes Count: 0 
 Holes Offset: 0 
 Holes Size: 0 
 Index Minor Version: 0 
 XML Type:  
 XML Subtype:  
 XML Category:  
 XML Model Name:  
 Object GUIDs:  
 XML Creator:  
 XML Age:  
 XML Gender:  
 Required EPs:  
 Function:  
 Function Subcategory:  
 Room Sort:  
 Entries:  
 Has Mesh: False 
 Is Recolor: False 
 Orphaned: False
2:45:22 PM: Title: Young Adult 
 Description: Enter Household Name 
 Type:  
 InstanceID: D490D9F1, 00000006, 6CDE03E6, 00000006, 00000006, 0000007B, 00000086, 4FCC6C72, 00000006, EEC86853, 00000007, 8CE49785, 00000007, 00000006, 0000007B, 72AD796E, 00000087, 4FCC6C73, 00000007, 7490DB3F, 00000007, 0CD6510D, 00000007, 00000007, 0000007B, 00000000, 00000088, 00000000, 4FCC6C73, 00000007, 94A4FE07, 00000007, 8CDE05EB, 00000007, 00000007, 0000007B, 723FFC29, 00000089, 286B1F03, 4FCC6C74, 00000007, F490DBCD, 00000008, 6CDE03F0, 00000008, 00000007, 0000007B, F23FF55B, 0000008A, CE9D2850, 4FCC6C74, 00000008, 548EAC4D, 00000008, CCD64AE7, 00000008, 00000008, 0000007B, B23FF4FF, 0000008B, 4E9D26F8, 4FCC6C75, 00000008, F490DA51, 00000008, 8CDD08CA, 00000008, 00000008, 0000007B, 723FF7AD, 0000008C, 0000007B, 4FCC6C75, 00000008, 9490DA1D, 00000009, ECC13466, 00000009, 00000008, 0000007B, F23FFE7E, 0000008D, 0000007B, 4FCC6C76, 00000009, B48EB051, 00000009, 2CC255DC, 00000009, 00000009, 0000007B, B23FFB18, 286B1F03, 0000007B, 4FCC6C76, 00000009, D4A4FDFC, 00000009, ECDE05E1, 00000009, 00000009, 0000007B, 325CF337, 0000007B 
 Location: M:\The Sims 4 (Documents)\TESTING FOLDER\guids and instances\catcanhobjects.bundle (10).package 
 PackageName: catcanhobjects.bundle (10).package 
 Game: 2 
 DBPF: DBPF 
 Major: 1 
 Minor: 1 
 Date Created: 0 
 Date Modified: 0 
 Index Major Version: 7 
 Index Count: 16 
 Index Offset: 8746 
 Index Size: 320 
 Holes Count: 0 
 Holes Offset: 0 
 Holes Size: 0 
 Index Minor Version: 0 
 XML Type:  
 XML Subtype:  
 XML Category:  
 XML Model Name:  
 Object GUIDs:  
 XML Creator:  
 XML Age:  
 XML Gender:  
 Required EPs:  
 Function:  
 Function Subcategory:  
 Room Sort:  
 Entries:  
 Has Mesh: False 
 Is Recolor: False 
 Orphaned: False
2:45:22 PM: Title:  
 Description:  
 Type:  
 InstanceID: 00000009, 54A39C9E, 0000000A, 0000007B, 0000000A, 00000009, 0000007B, B23FF386, 0000007B, 4FCC6C77, 0000000A, D48EACE3, 0000000A, 0000007B, 0000000A, 0000000A, 0000007B, D23FF9CC, 0000007B, 4FCC6C78, 0000000A, 948EADBF, 0000000A, 0000007B, 0000000A, 0000000A, 0000007B, D23FFCD7, 0000007B, 4FCC6C78, 0000000A, 4EC86304, 0000000B, 0000007B, 0000000B, 0000000A, 0000007B, 323FF14E 
 Location:  
 PackageName:  
 Game: 0 
 DBPF:  
 Major: 0 
 Minor: 0 
 Date Created: 0 
 Date Modified: 0 
 Index Major Version: 0 
 Index Count: 0 
 Index Offset: 0 
 Index Size: 0 
 Holes Count: 0 
 Holes Offset: 0 
 Holes Size: 0 
 Index Minor Version: 0 
 XML Type:  
 XML Subtype:  
 XML Category:  
 XML Model Name:  
 Object GUIDs:  
 XML Creator:  
 XML Age:  
 XML Gender:  
 Required EPs:  
 Function:  
 Function Subcategory:  
 Room Sort:  
 Entries:  
 Has Mesh: False 
 Is Recolor: False 
 Orphaned: False
2:45:27 PM: Title: Steam Train Track 
 Description:  
 Type:  
 InstanceID: 8EA54DB5, 4FCC6C79, 0000000B, 54A39CA1, 0000000B, 0000007B, 0000000B, 0000000B, 0000007B, 5289CE8B, EEA54E07, 4FCC6C79, 0000000B, 348EAC0A, 0000000B, 0000007B, 0000000B, 0000000B, 0000007B, 52AD796C, 8EA54E27, 4FCC6C7A, 0000000B, 7490DA94, 00005CBC, 0000007B, 00005CBC, 0000000B, 0000007B, B25CF405, 6EA54D17, 4FCC6C7A, 00005CBC, 2EC86A43, 0000000C, 0000007B, 0000000C, 00005CBC, 0000007B, 723FFC59, 6EA54D5B, 4FCC6C7B, 0000000C, F490DA64, 0000000C, 0000007B, 0000000C, 0000000C, 0000007B, 3240020F, 4FCC6C7B, 0000000C, 348EB158, 0000000C, 0000007B, 0000000C, 0000000C, 2FA34D68, 923FF675, 4FCC6C7C, 0000000C, CECF092A, 00005CBD, 0000007B, 00005CBD, 0000000C, CFA34E6C, 523FFAAE, 4FCC6C7C, 00005CBD, 8EC86A82, 0000000D, 0000007B, 0000000D, 00005CBD, 2FA34B26, F2400338, 4FCC6C7D, 0000000D, 0000007B, 0000000D, 0000007B, 0000000D, 0000000D, 2FA34CAC, D240048E, 4FCC6C7D, 0000000D, 0000007B, 0000000D, 0000007B, 0000000D, 0000000D, 8EA54DB5, 523FF4A1, 4FCC6C7E, 0000000D, 0000007B, 00005CBE, 0000007B, 00005CBE, 0000000D, AFBDC9B5, 123FFA60, 4FCC6C7E, 00005CBE, 0000007B, 0000000E, 0000007B, 0000000E, 00005CBE, 6FA34D51, 324006B7, 4FCC6C7F, 0000000E, 0000007B, 0000000E, 0000007B, 0000000E, 0000000E, AFA34CD3, 8EC8670E, 4FCC6C7F, 0000000E, 0000007B, 0000000E, 0000007B, 0000000E, 0000000E, 2FA34CBE, 723FFAF2, 4FCC6C80, 0000000E, 0000007B, 00005CBF, 0000007B, 00005CBF, 0000000E, 8FB5770E, 52833684, 4FCC6C80, 00005CBF, 0000007B, 0000000F, 0000007B, 0000000F, 00005CBF, 8EA54E27, B23FFE61, 4FCC6C81, 0000000F, 0000007B, 0000000F, 0000007B, 0000000F, 0000000F, 6FA34CFF, B23FFFE7, 4FCC6C81, 0000000F, 0000007B, 00000010, 0000007B, 00000010, 0000000F, 4FB4782F, 523FF334, 4FCC6C82, 00000010, 0000007B, 00000010, 0000007B, 00000010, 00000010, EFBCA9AD, 91B96E6F, 4FCC6C82, 00000010, 0000007B, 00000010, 0000007B, 00000010, 00000010, 0FBDC98A, 3240023D, 4FCC6C83, 00000010, 0000007B, 00000010, 0000007B, 00000010, 00000010, 0FA35376, 324000BB, 4FCC6C83, 00000010, 0000007B, 00000011, 0000007B, 00000011, 00000010, EFB47939, 3240054A, 4FCC6C84, 00000011, 0000007B, 00000011, 0000007B, 00000011, 00000011, 6FB576FD, 923FFE40, 4FCC6C84, 00000011, 0000007B, 00000011, 0000007B, 00000011, 00000011, 286B1F03, 724E0F5C, 00000011, 0000007B, 00000011, 0000007B, 00000011, 00000011, 6FA34B8F, 123FF2E4, 00000011, 0000007B, 00000012, 0000007B, 00000012, 00000011, 4E9D26F8, F23FFED2, 00000012, 0000007B, 00000012, 0000007B, 00000012, 00000012, 6EA54D5B, B240060D, 00000012, 0000007B, 00000012, 0000007B, 00000012, 00000012, 2FA34D36, F2400058, 00000012, 0000007B, 00000013, 0000007B, 00000013, 00000012, 6FBDC99C, B23FF3D4, 00000013, 0000007B, 00000013, 0000007B, 00000013, 00000013, AFA34BD4, 523FF4D0, 00000013, 0000007B, 00000013, 0000007B, 00000013, 00000013, AFA34DBB, 123FFF15, 00000013, 0000007B, 00000014, 0000007B, 00000014, 00000013, 8FA34C1B, 324003D3, 00000014, 0000007B, 00000014, 0000007B, 00000014, 00000014, 2FA34B60, 123FF473, 00000014, 0000007B, 00000014, 0000007B, 00000014, 00000014, 2EC86CBF, 00000014, 0000007B, 00000015, 0000007B, 00000015, 00000014, D25CF2F8, 00000015, 0000007B, 00000015, 0000007B, 00000015, 00000015, F240067B, 00000015, 0000007B, 00000015, 0000007B, 00000015, 00000015, 0000007B, 00000015, 0000007B, 00000016, 0000007B, 00000016, 00000015, 0000007B, 00000016, 0000007B, 00000016, 0000007B, 00000016, 00000016, 0000007B, 00000016, 0000007B, 00000016, 0000007B, 00000016, 00000016, 0000007B, 00000016, 0000007B, 00000017, 0000007B, 00000017, 00000016, 0000007B, 00000017, 0000007B, 00000017, 0000007B, 00000017, 00000017, 0000007B, 00000017, 0000007B, 00000017, 0000007B, 00000017, 00000017, 0000007B, 00000017, 0000007B, 00000018, 0000007B, 00000018, 00000017, 0000007B, 00000018, 0000007B, 00000018, 0000007B, 00000018, 00000018, 0000007B, 00000018, 0000007B, 00000018, 0000007B, 00000018, 00000018, 0000007B, 00000018, 0000007B, 00000019, 0000007B, 00000019, 00000018, 0000007B, 00000019, 0000007B, 00000019, 0000007B, 00000019, 00000019, 0000007B, 00000019, 0000007B, 0000001A, 0000007B, 0000001A, 00000019, 0000007B, 0000001A, 0000007B, 0000001A, 0000007B, 0000001A, 0000001A, 0000007B, 0000001A, 0000007B, 0000001B, 0000007B, 0000001B, 0000001A, 0000007B, 0000001B, 0000007B, 0000001B, 0000007B, 0000001B, 0000001B, 0000007B, 0000001B, 0000007B, 0000001B, 0000007B, 0000001B, 0000001B, 0000007B, 0000001B, 0000007B, 0000001C, 0000007B, 0000001C, 0000001B, 0000007B, 0000001C, 0000007B, 0000001C, 0000007B, 0000001C, 0000001C, 0000007B, 0000001C, 0000007B 
 Location:  
 PackageName:  
 Game: 0 
 DBPF:  
 Major: 0 
 Minor: 0 
 Date Created: 0 
 Date Modified: 0 
 Index Major Version: 0 
 Index Count: 0 
 Index Offset: 0 
 Index Size: 0 
 Holes Count: 0 
 Holes Offset: 0 
 Holes Size: 0 
 Index Minor Version: 0 
 XML Type:  
 XML Subtype:  
 XML Category:  
 XML Model Name:  
 Object GUIDs:  
 XML Creator:  
 XML Age:  
 XML Gender:  
 Required EPs:  
 Function:  
 Function Subcategory:  
 Room Sort:  
 Entries:  
 Has Mesh: False 
 Is Recolor: False 
 Orphaned: False
2:45:29 PM: Title: Create Family 
 Description: Create A Sim 
 Type:  
 InstanceID: 0000001C, 0000007B, 0000001D, 0000007B, 0000001D, 0000007B, 0000001D, 0000001D, 0000007B, 0000001D, 0000007B, 0000001D, 0000007B, 0000001D, 0000001D, 0000007B, 0000001D, 0000007B, 0000001E, 0000007B, 0000001E, 0000001D, 0000007B, 0000001E, 0000007B, 0000001E, 0000007B, 0000001E, 0000001E, 0000007B, 0000001E, 0000007B, 0000001F, 0000007B, 0000001F, 0000001E, 0000007B, 0000001F, 0000007B, FF885F70, 0000007B, FF885F70, FF885F70, 0000007B, FF885F70, 0000007B, 0000001F, 0000007B, 0000001F, 0000001F, 0000007B, 0000001F, 0000007B, 00000020, 0000007B, 00000020, 0000001F, 0000007B, 00000020, 0000007B, 00000020, 0000007B, 00000020, 00000020, 0000007B, 00000020, 0000007B, 00000020, 0000007B, 00000020, 00000020, 0000007B, 00000020, 0000007B, 00000021, 0000007B, 00000021, 00000020, 0000007B, 00000021, 0000007B, 00000021, 0000007B, 00000021, 00000021, 0000007B, 00000021, 0000007B, 00000021, 0000007B, 00000021, 00000021, 0000007B, 00000021, 0000007B, 00000022, 0000007B, 00000022, 00000021, 0000007B 
 Location:  
 PackageName:  
 Game: 0 
 DBPF:  
 Major: 0 
 Minor: 0 
 Date Created: 0 
 Date Modified: 0 
 Index Major Version: 0 
 Index Count: 0 
 Index Offset: 0 
 Index Size: 0 
 Holes Count: 0 
 Holes Offset: 0 
 Holes Size: 0 
 Index Minor Version: 0 
 XML Type:  
 XML Subtype:  
 XML Category:  
 XML Model Name:  
 Object GUIDs:  
 XML Creator:  
 XML Age:  
 XML Gender:  
 Required EPs:  
 Function:  
 Function Subcategory:  
 Room Sort:  
 Entries:  
 Has Mesh: False 
 Is Recolor: False 
 Orphaned: False
2:45:29 PM: Title: Tops 
 Description: Bottoms 
 Type:  
 InstanceID: 0000007B, 00000022, 0000007B, 00000022, 00000022, 0000007B, 00000022, 0000007B, 00000023, 0000007B, 00000023, 00000022, 0000007B, 00000023, 0000007B, 00000023, 0000007B, 00000023, 00000023, 0000007B, 00000023, 0000007B, 00000024, 0000007B, 00000024, 00000023, 0000007B, 00000024, 0000007B, 00000024, 0000007B, 00000024 
 Location:  
 PackageName:  
 Game: 0 
 DBPF:  
 Major: 0 
 Minor: 0 
 Date Created: 0 
 Date Modified: 0 
 Index Major Version: 0 
 Index Count: 0 
 Index Offset: 0 
 Index Size: 0 
 Holes Count: 0 
 Holes Offset: 0 
 Holes Size: 0 
 Index Minor Version: 0 
 XML Type:  
 XML Subtype:  
 XML Category:  
 XML Model Name:  
 Object GUIDs:  
 XML Creator:  
 XML Age:  
 XML Gender:  
 Required EPs:  
 Function:  
 Function Subcategory:  
 Room Sort:  
 Entries:  
 Has Mesh: False 
 Is Recolor: False 
 Orphaned: False
2:45:32 PM: Title: Create Family 
 Description: Create A Sim 
 Type:  
 InstanceID: 00000024, 0000007B, 00000025, 0000007B, 00000025, 00000024, 0000007B, 00000025, 348EB09F, 00000025, 0000007B, 00000025, 00000025, 0000007B, 00000025, 5490D8D3, 00000026, 0000007B, 00000026, 00000025, 0000007B, 00000026, 94A39C9D, 00000026, 0000007B, 00000026, 00000026, 0000007B, 00000026, B48EACAC, 00000027, 0000007B, 00000027, 00000026, 0000007B, 00000027, B48EB073, 00000027, 0000007B, 00000027, 00000027, 0000007B, 00000027, EEC86345, 00000028, 0000007B, 00000028, 00000027, 0000007B, 00000028, 286B1F03, FF1FB89E, 0000007B, FF1FB89E, FF1FB89E, 0000007B, FF1FB89E, B48EB208, 00000028, 0000007B, 00000028, 00000028, 0000007B, 00000028, 1490D908, 00000029, 0000007B, 00000029, 00000028, 0000007B, 00000029, 9490D815, 00000029, 0000007B, 00000029, 00000029, 0000007B, 00000029, 34A39C86, 0000002A, 0000007B, 0000002A, 00000029, 0000007B, 0000002A, 4EC86583, 0000002A, 0000007B, 0000002A, 0000002A, 0000007B, 0000002A, 3490DBAA, 0000002B, 0000007B, 0000002B, 0000002A, 0000007B, 0000002B, 748EADAF, 0000002B, 0000007B, 0000002B, 0000002B, 0000007B, 0000002B, 2EC86CBF, 0000002C, 0000007B, 0000002C, 0000002B, 0000007B, 0000002C, 5490DA84, 0000002C, 0000007B, 0000002C, 0000002C, 0000007B, 0000002C, D48EAD2D, 0000002D, 0000007B, 0000002D, 0000002C, 0000007B, 0000002D, 0000002D, 0000007B, 0000002D, 0000002D, 0000007B, 0000002D, 0000002E, 0000007B, 0000002E, 0000002D, 0000007B, 0000002E, 0000002E, 0000007B, 0000002E, 0000002E, 0000007B, 0000002E, 0000002F, 0000007B, 0000002F, 0000002E, 0000007B, 0000002F, 0000002F, 0000007B, 0000002F, 0000002F, 0000007B, 0000002F, 00000030, 0000007B, 00000030, 0000002F, 0000007B, 00000030, 00000030, 0000007B, 00000030, 00000030, 0000007B, 00000030, 00000031, 0000007B, 00000031, 00000030, 0000007B, 00000031, 00000031, 0000007B, 00000031, 00000031, 0000007B, 00000031, 00000032, 0000007B, 00000032, 00000031 
 Location:  
 PackageName:  
 Game: 0 
 DBPF:  
 Major: 0 
 Minor: 0 
 Date Created: 0 
 Date Modified: 0 
 Index Major Version: 0 
 Index Count: 0 
 Index Offset: 0 
 Index Size: 0 
 Holes Count: 0 
 Holes Offset: 0 
 Holes Size: 0 
 Index Minor Version: 0 
 XML Type:  
 XML Subtype:  
 XML Category:  
 XML Model Name:  
 Object GUIDs:  
 XML Creator:  
 XML Age:  
 XML Gender:  
 Required EPs:  
 Function:  
 Function Subcategory:  
 Room Sort:  
 Entries:  
 Has Mesh: False 
 Is Recolor: False 
 Orphaned: False
2:45:33 PM: Title: Enter Family Name 
 Description: Enter First Name 
 Type:  
 InstanceID: 00000032, 00000032, 0000007B, 00000032, 00000032, 0000007B, 00000032, 00000033, 0000007B, 00000033, 00000032, 0000007B, 00000033, 00003B76, 0000007B, 00003B76, 00000033, 0000007B, 00003B76, 00000033, 0000007B, 00000033, 00003B76, 0000007B, 00000033, 00000034, 0000007B, 00000034, 00000033, 0000007B, 00000034, 00000034, 0000007B, 00000034, 00000034, 0000007B, 00000034, 00000035, 0000007B, 00000035, 00000034, 0000007B, 00000035, 00000035, 0000007B, 00000035, 00000035, 0000007B, 00000035, 00000036, 0000007B, 00000036, 00000035, 0000007B, 00000036, 00000036, 0000007B, 00000036, 00000036, 0000007B, 00000036, 00000037, 0000007B, 00000037, 00000036, 0000007B, 00000037, 00000037, 0000007B, 00000037, 00000037, 0000007B, 00000037, 00000038, 0000007B, 00000038, 00000037, 0000007B, 00000038, 00000038, 0000007B, 00000038, 00000038, 0000007B, 00000038, 00000039, 0000007B, 00000039, 00000038, 0000007B, 00000039, 00000039, 0000007B, 00000039, 00000039, 0000007B, 00000039, 0000003A, 0000007B, 0000003A, 00000039, 0000007B, 0000003A, 0000003A, 0000007B, 0000003A, 0000003A, 0000007B, 0000003A, 0000003B, 0000007B, 0000003B, 0000003A, 0000007B, 0000003B, 0000003B, 0000007B, 0000003B, 0000003B, 0000007B, 0000003B, 0000003C, 0000007B, 0000003C, 0000003B, 0000007B, 0000003C, 0000003C, 0000007B, 0000003C, 0000003C, 0000007B, 0000003C, 0000003D, 0000007B, 0000003D, 0000003C, 0000007B 
 Location:  
 PackageName:  
 Game: 0 
 DBPF:  
 Major: 0 
 Minor: 0 
 Date Created: 0 
 Date Modified: 0 
 Index Major Version: 0 
 Index Count: 0 
 Index Offset: 0 
 Index Size: 0 
 Holes Count: 0 
 Holes Offset: 0 
 Holes Size: 0 
 Index Minor Version: 0 
 XML Type:  
 XML Subtype:  
 XML Category:  
 XML Model Name:  
 Object GUIDs:  
 XML Creator:  
 XML Age:  
 XML Gender:  
 Required EPs:  
 Function:  
 Function Subcategory:  
 Room Sort:  
 Entries:  
 Has Mesh: False 
 Is Recolor: False 
 Orphaned: False
2:45:34 PM: Title: VehiclesAccept SimVehicles0Confirm Message #1 
 Description: Garage 
 Type:  
 InstanceID: 0000003D, 0000007B, 0000003D, 0000003D, 0000007B, 0000003D, 00005CEE, 0000007B, 00005CEE, 0000003D, 0000007B, 00005CEE, 0000003E, 0000007B, 0000003E, 00005CEE, 0000007B, 0000003E, 0000003E, 0000007B, 0000003E, 0000003E, 0000007B, 0000003E, 0000003F, 0000007B, 0000003F, 0000003E, 0000007B, 0000003F, 0000003F, 0000007B, 0000003F, 0000003F, 0000007B, 0000003F 
 Location:  
 PackageName:  
 Game: 0 
 DBPF:  
 Major: 0 
 Minor: 0 
 Date Created: 0 
 Date Modified: 0 
 Index Major Version: 0 
 Index Count: 0 
 Index Offset: 0 
 Index Size: 0 
 Holes Count: 0 
 Holes Offset: 0 
 Holes Size: 0 
 Index Minor Version: 0 
 XML Type:  
 XML Subtype:  
 XML Category:  
 XML Model Name:  
 Object GUIDs:  
 XML Creator:  
 XML Age:  
 XML Gender:  
 Required EPs:  
 Function:  
 Function Subcategory:  
 Room Sort:  
 Entries:  
 Has Mesh: False 
 Is Recolor: False 
 Orphaned: False
2:45:34 PM: Title: VehiclesAccept SimVehicles0Confirm Message #1 
 Description: Garage 
 Type:  
 InstanceID: 0000003D, 0000007B, 0000003D, 0000003D, 0000007B, 0000003D, 00005CEE, 0000007B, 00005CEE, 0000003D, 0000007B, 00005CEE, 0000003E, 0000007B, 0000003E, 00005CEE, 0000007B, 0000003E, 0000003E, 0000007B, 0000003E, 0000003E, 0000007B, 0000003E, 0000003F, 0000007B, 0000003F, 0000003E, 0000007B, 0000003F, 0000003F, 0000007B, 0000003F, 0000003F, 0000007B, 0000003F 
 Location:  
 PackageName:  
 Game: 0 
 DBPF:  
 Major: 0 
 Minor: 0 
 Date Created: 0 
 Date Modified: 0 
 Index Major Version: 0 
 Index Count: 0 
 Index Offset: 0 
 Index Size: 0 
 Holes Count: 0 
 Holes Offset: 0 
 Holes Size: 0 
 Index Minor Version: 0 
 XML Type:  
 XML Subtype:  
 XML Category:  
 XML Model Name:  
 Object GUIDs:  
 XML Creator:  
 XML Age:  
 XML Gender:  
 Required EPs:  
 Function:  
 Function Subcategory:  
 Room Sort:  
 Entries:  
 Has Mesh: False 
 Is Recolor: False 
 Orphaned: False
2:45:34 PM: Title: Aspiration 
 Description:  
 Type:  
 InstanceID: 00000040, 0000003F, 0000007B, 00000040, 00000040, 0000007B, 00000040, 00000040, 0000007B, 00000040, 00000041, 0000007B, 00000041, 00000040, 0000007B, 00000041, 00000041, 0000007B, 00000041, 00000041, 0000007B, 00000041, 00000042, 0000007B, 00000042, 00000041, 0000007B, 00000042, 00000042, 0000007B, 00000042, 00000042, 0000007B, 00000042, 00000043, 0000007B, 00000043, 00000042, 0000007B, 00000043 
 Location:  
 PackageName:  
 Game: 0 
 DBPF:  
 Major: 0 
 Minor: 0 
 Date Created: 0 
 Date Modified: 0 
 Index Major Version: 0 
 Index Count: 0 
 Index Offset: 0 
 Index Size: 0 
 Holes Count: 0 
 Holes Offset: 0 
 Holes Size: 0 
 Index Minor Version: 0 
 XML Type:  
 XML Subtype:  
 XML Category:  
 XML Model Name:  
 Object GUIDs:  
 XML Creator:  
 XML Age:  
 XML Gender:  
 Required EPs:  
 Function:  
 Function Subcategory:  
 Room Sort:  
 Entries:  
 Has Mesh: False 
 Is Recolor: False 
 Orphaned: False
2:45:34 PM: Title: 11 
 Description: Building Tips: Click and drag to build walls on either terrain or foundations. Shift-click and drag to create a rectangle. Ctrl-click and drag to delete. Once you've created a four-walled structure, you can switch to the floor above and continue building. 
 Type:  
 InstanceID: 00000043, 0000007B, 00000043, 00000044, 0000007B, 00000044, 00000043, 0000007B 
 Location:  
 PackageName:  
 Game: 0 
 DBPF:  
 Major: 0 
 Minor: 0 
 Date Created: 0 
 Date Modified: 0 
 Index Major Version: 0 
 Index Count: 0 
 Index Offset: 0 
 Index Size: 0 
 Holes Count: 0 
 Holes Offset: 0 
 Holes Size: 0 
 Index Minor Version: 0 
 XML Type:  
 XML Subtype:  
 XML Category:  
 XML Model Name:  
 Object GUIDs:  
 XML Creator:  
 XML Age:  
 XML Gender:  
 Required EPs:  
 Function:  
 Function Subcategory:  
 Room Sort:  
 Entries:  
 Has Mesh: False 
 Is Recolor: False 
 Orphaned: False
2:45:34 PM: Title: 11 
 Description: Building Tips: Click and drag to build walls on either terrain or foundations. Shift-click and drag to create a rectangle. Ctrl-click and drag to delete. Once you've created a four-walled structure, you can switch to the floor above and continue building. 
 Type:  
 InstanceID: 00000043, 0000007B, 00000043, 00000044, 0000007B, 00000044, 00000043, 0000007B 
 Location:  
 PackageName:  
 Game: 0 
 DBPF:  
 Major: 0 
 Minor: 0 
 Date Created: 0 
 Date Modified: 0 
 Index Major Version: 0 
 Index Count: 0 
 Index Offset: 0 
 Index Size: 0 
 Holes Count: 0 
 Holes Offset: 0 
 Holes Size: 0 
 Index Minor Version: 0 
 XML Type:  
 XML Subtype:  
 XML Category:  
 XML Model Name:  
 Object GUIDs:  
 XML Creator:  
 XML Age:  
 XML Gender:  
 Required EPs:  
 Function:  
 Function Subcategory:  
 Room Sort:  
 Entries:  
 Has Mesh: False 
 Is Recolor: False 
 Orphaned: False
2:45:35 PM: Title:  
 Description:  
 Type:  
 InstanceID: 00000044, 00000044, 0000007B, 00000044, 00000044, 0000007B, 00000044, 00000045, 0000007B, 00000045, 00000044, 0000007B, 00000045, 00000045, 0000007B, 00000045, 00000045, 0000007B, 00000045, 00000046, 0000007B, 00000046, 00000045, 0000007B, 00000046, 00000046, 0000007B, 00000046, 00000046, 0000007B, 00000046, 00000047, 0000007B, 00000047, 00000046, 0000007B, 00000047, 00000047, 0000007B, 00000047, 00000047, 0000007B, 00000047, 00000047, 0000007B, 00000047, 00000047, 0000007B, 00000047, FFAA6EAB, 0000007B, FFAA6EAB, 00000047, 0000007B 
 Location:  
 PackageName:  
 Game: 0 
 DBPF:  
 Major: 0 
 Minor: 0 
 Date Created: 0 
 Date Modified: 0 
 Index Major Version: 0 
 Index Count: 0 
 Index Offset: 0 
 Index Size: 0 
 Holes Count: 0 
 Holes Offset: 0 
 Holes Size: 0 
 Index Minor Version: 0 
 XML Type:  
 XML Subtype:  
 XML Category:  
 XML Model Name:  
 Object GUIDs:  
 XML Creator:  
 XML Age:  
 XML Gender:  
 Required EPs:  
 Function:  
 Function Subcategory:  
 Room Sort:  
 Entries:  
 Has Mesh: False 
 Is Recolor: False 
 Orphaned: False
2:45:35 PM: Title:  
 Description:  
 Type:  
 InstanceID: 00000044, 00000044, 0000007B, 00000044, 00000044, 0000007B, 00000044, 00000045, 0000007B, 00000045, 00000044, 0000007B, 00000045, 00000045, 0000007B, 00000045, 00000045, 0000007B, 00000045, 00000046, 0000007B, 00000046, 00000045, 0000007B, 00000046, 00000046, 0000007B, 00000046, 00000046, 0000007B, 00000046, 00000047, 0000007B, 00000047, 00000046, 0000007B, 00000047, 00000047, 0000007B, 00000047, 00000047, 0000007B, 00000047, 00000047, 0000007B, 00000047, 00000047, 0000007B, 00000047, FFAA6EAB, 0000007B, FFAA6EAB, 00000047, 0000007B 
 Location:  
 PackageName:  
 Game: 0 
 DBPF:  
 Major: 0 
 Minor: 0 
 Date Created: 0 
 Date Modified: 0 
 Index Major Version: 0 
 Index Count: 0 
 Index Offset: 0 
 Index Size: 0 
 Holes Count: 0 
 Holes Offset: 0 
 Holes Size: 0 
 Index Minor Version: 0 
 XML Type:  
 XML Subtype:  
 XML Category:  
 XML Model Name:  
 Object GUIDs:  
 XML Creator:  
 XML Age:  
 XML Gender:  
 Required EPs:  
 Function:  
 Function Subcategory:  
 Room Sort:  
 Entries:  
 Has Mesh: False 
 Is Recolor: False 
 Orphaned: False
2:45:36 PM: Title: Multi-story Columns 
 Description: Connecting Column Arches 
 Type:  
 InstanceID: FFAA6EAB, 00000048, 0000007B, 00000048, 00000048, 0000007B, 00000048, 00000048, 0000007B, 00000048, FFAA6EAB, 0000007B, 00000048, 00000049, 0000007B, 00000049, 00000048, 0000007B, 00000049, 00000049, 0000007B, 00000049, 00000049, 0000007B, 00000049, 0000004A, 0000007B, 0000004A, 00000049, 0000007B, 0000004A, 0000004A, 0000007B, 0000004A, 0000004A, 0000007B, 0000004A, 0000004B, 0000007B, 0000004B, 0000004A, 0000007B, 0000004B, 0000004B, 0000007B, 0000004B, 0000004B, 0000007B, 0000004B, 0000004B, 0000007B, 0000004B, 0000004B, 0000007B, 0000004B, 0000004C, 0000007B, 0000004C, 0000004B, 0000007B, 0000004C, 0000004D, 0000007B, 0000004D, 0000004C, 0000007B, 0000004D, 0000004D, 0000007B, 0000004D, 0000004D, 0000007B, 0000004D, 0000004E, 0000007B, 0000004E, 0000004D, 0000007B, 0000004E, 0000004E, 0000007B, 0000004E, 0000004E, 0000007B, 0000004E, 0000004F, 0000007B, 0000004F, 0000004E, 0000007B, 0000004F, 00000050, 0000007B, 00000050, 0000004F, 0000007B, 00000050, 00000051, 0000007B, 00000051, 00000050, 0000007B, 00000051, 00000052, 0000007B, 00000052, 00000051, 0000007B, 00000052, 00000053, 0000007B, 00000053, 00000052, 0000007B, 00000053, 00000054, 0000007B, 00000054, 00000053, 0000007B, 00000054, 00000055, 0000007B, 00000055, 00000054, 0000007B, 00000055, 00000056, 0000007B, 00000056, 00000055, 0000007B, 00000056, 00000057, 0000007B, 00000057, 00000056, 0000007B, 00000057, 00000058, 0000007B, 00000058, 00000057, 0000007B, 00000058, 00000058, 0000007B, 00000058, 00000058, 0000007B, 00000058, 00000059, 0000007B, 00000059, 00000058, 0000007B, 00000059, FFFB4CD4, 0000007B, FFFB4CD4, 00000059, 0000007B, FFFB4CD4, 00000059, 0000007B, 00000059, FFFB4CD4, 0000007B, 00000059, 0000005A, 0000007B, 0000005A, 00000059, 0000007B, 0000005A, 0000005B, 0000007B, 0000005B, 0000005A, 0000007B, 0000005B, 0000005C, 0000007B, 0000005C, 0000005B, 0000007B, 0000005C, 0000005D, 0000007B, 0000005D, 0000005C, 0000007B, 0000005D, 0000005E, 0000007B, 0000005E, 0000005D, 0000007B, 0000005E, 0000005E, 0000007B, 0000005E, 0000005E, 0000007B, 0000005E, 0000005F, 0000007B, 0000005F, 0000005E, 0000007B, 0000005F, 0000005F, 0000007B, 0000005F, 0000005F, 0000007B, 0000005F, 00000060, 0000007B, 00000060, 0000005F, 0000007B, 00000060, 00000060, 0000007B, 00000060, 00000060 
 Location:  
 PackageName:  
 Game: 0 
 DBPF:  
 Major: 0 
 Minor: 0 
 Date Created: 0 
 Date Modified: 0 
 Index Major Version: 0 
 Index Count: 0 
 Index Offset: 0 
 Index Size: 0 
 Holes Count: 0 
 Holes Offset: 0 
 Holes Size: 0 
 Index Minor Version: 0 
 XML Type:  
 XML Subtype:  
 XML Category:  
 XML Model Name:  
 Object GUIDs:  
 XML Creator:  
 XML Age:  
 XML Gender:  
 Required EPs:  
 Function:  
 Function Subcategory:  
 Room Sort:  
 Entries:  
 Has Mesh: False 
 Is Recolor: False 
 Orphaned: False
2:46:03 PM: Title: Gentrific "Way of the Wood" Mantel  
 Description: What is it abou 
 Type: Collection 
 InstanceID: 00000060, FFA2AFC7, 0000007B, FFA2AFC7, 00000060, 124003B5, FFA2AFC7, 00000061, 0000007B, 00000061, 00000061, 923FCF43, 00000061, 00000061, 0000007B, 00000061, FFA2AFC7, 12B185B7, 00000061, 00000062, 0000007B, 00000062, 00000061, B23FF0E3, 00000062, 00000062, 0000007B, 00000062, 00000062, EEC86345, 00000062, 00000063, 0000007B, 00000063, 00000062, 323FFF61, 00000063, 00000063, 0000007B, 00000063, 00000063, 928B0B5D, 00000063, 00000064, 0000007B, 00000064, 00000063, F23FF5DA, 00000064, 00000064, 0000007B, 00000064, 00000064, 12B1843F, 00000064, 00000065, 0000007B, 00000065, 00000064, D23FF125, 00000065, 00000065, 0000007B, 00000065, 00000065, 723FFFCA, 00000065, 00000066, 0000007B, 00000066, 00000065, 723FFB3D, 00000066, 00000066, 0000007B, 00000066, 00000066, B23FF587, 00000066, 00000067, 0000007B, 00000067, 00000066, AEC86D9E, 00000067, 00000067, 0000007B, 00000067, 00000067, B240002C, 00000067, 00000068, 0000007B, 00000068, 00000067, 923FFCF3, 00000068, 00000068, 0000007B, 00000068, 00000068, 723FF52B, 00000068, 00000069, 0000007B, 00000069, 00000068, 323FF652, 00000069, 00000069, 0000007B, 00000069, 00000069, 12B1844C, 00000069, 0000006A, 0000007B, 0000006A, 00000069, D23FF8C4, 0000006A, 0000006A, 0000007B, 0000006A, 0000006A, 723FF3AA, 0000006A, 0000006B, 0000007B, 0000006B, 0000006A, 123FFDC1, 0000006B, 0000006B, 0000007B, 0000006B, 0000006B, 4EC86583, 0000006B, 0000006C, 0000007B, 0000006C, 0000006B, B24004C5, 0000006C, 0000006C, 0000007B, 0000006C, 0000006C, 92833735, 0000006C, 0000006D, 0000007B, 0000006D, 0000006C, 2EC8655A, 0000006D, 0000006D, 0000007B, 0000006D, 0000006D, D23FFBE0, 0000006D, 0000006E, 0000007B, 0000006E, 0000006D, 323FF361, 0000006E, 0000006E, 0000007B, 0000006E, 0000006E, 323FF976, 0000006E, 0000006F, 0000007B, 0000006F, 0000006E, 923FFA04, 0000006F, 0000006F, 0000007B, 0000006F, 0000006F, 8EC86A82, 0000006F, 00000070, 0000007B, 00000070, 0000006F, CECF092A, 00000070, 00000070, 0000007B, 00000070, 00000070, 124000E5, 00000070, 00000071, 0000007B, 00000071, 00000070, 923FFE99, 00000071, 00000071, 0000007B, 00000071, 00000071, B23FFBC0, 00000071, 00000072, 0000007B, 00000072, 00000071, 324005A7, 00000072, 00000072, 0000007B, 00000072, 00000072, D23FFD75, 00000072, 00000073, 0000007B, 00000073, 00000072, 123FFDE1, 00000073, 00000073, 0000007B, 00000073, 00000073, 928335C9, 00000073, 00000074, 0000007B, 00000074, 00000073, 923FF27B, 00000074, 00000074, 0000007B, 00000074, 00000074, 31A6CF93, 00000074, 00000075, 0000007B, 00000075, 00000074, F24E0EFD, 00000075, 00000075, 0000007B, 00000075, 00000075, 323FFE20, 00000075, 00000076, 0000007B, 00000076, 00000075, AFACADEE, 00000076, 00000076, 0000007B, 00000076, 00000076, F23FF628, 00000076, 00000077, 0000007B, 00000077, 00000076, 123FF7EC, 00000077, 00000077, 0000007B, 00000077, 00000077, 323FF9A1, 00000077, 00000078, 0000007B, 00000078, 00000077, B23FFEEE, 00000078, 00000078, 0000007B, 00000078, 00000078, B2400381, 00000078, 00000079, 0000007B, 00000079, 00000078, D2833650, 00000079, 00000079, 0000007B, 00000079, 00000079, 323FFCB6, 00000079, 0000007A, 0000007B, 0000007A, 00000079, F2B185E7, 0000007A, 0000007A, 0000007B, 0000007A, 0000007A, 286B1F03, 0000007A, 0000007B, 0000007B, 0000007B, 0000007A, 523FFB65, 0000007B, 0000007B, 0000007B, 0000007B, 0000007B, 924004E3, 0000007B, 0000007C, 0000007B, 0000007C, 0000007B, 324E0F90, 0000007C, 0000007C, 0000007B, 0000007C, 0000007C, B2400089, 0000007C, 0000007D, 0000007B, 0000007D, 0000007C, 123FFC95, 0000007D, 0000007D, 0000007B, 0000007D, 0000007D, D23FF30C, 0000007D, 0000007E, 0000007B, 0000007E, 0000007D, 723FFBA3, 0000007E, 0000007E, 0000007B, 0000007E, 0000007E, 52400006, 0000007E, 0000007F, 0000007B, 0000007F, 0000007E, 923FF2B8, 0000007F, 0000007F, 0000007B, 0000007F, 0000007F, 723FFA23, 0000007F, 00000080, 0000007B, 00000080, 0000007F, 2EC86A43, 00000080, 00000080, 0000007B, 00000080, 00000080, EEC86853, 00000080, 00000081, 0000007B, 00000081, 00000080, B23FFC07, 00000081, 00000081, 0000007B, 00000081, 00000081, 723FFEB6, 00000081, 00000082, 0000007B, 00000082, 00000081, F2400280, 00000082, 00000082, 0000007B, 00000082, 00000082, 123FF81A, 00000082, 00000083, 0000007B, 00000083, 00000082, 523FFB83, 00000083, 00000083, 0000007B, 00000083, 00000083, B23FFA8D, 00000083, 00000084, 0000007B, 00000084, 00000083, F23FFF82, 00000084, 00000084, 0000007B, 00000084, 00000084, 523FFD15, 00000084, 00000085, 0000007B, 00000085, 00000084, 128336ED, 00000085, 00000085, 0000007B, 00000085, 00000085, 723FF5AE, 00000085, 00000086, 0000007B, 00000086, 00000085, F240041A, 00000086, 00000086, 0000007B, 00000086, 00000086, D2675FEF, 00000086, 00000087, 0000007B, 00000087, 00000086, 4EC86304, 00000087, 00000087, 0000007B, 00000087, 00000087, 124005E9, 00000087, 00000088, 0000007B, 00000088, 00000087, 92400521, 00000088, 00000088, 0000007B, 00000088, 00000088, 9240039C, 00000088, 00000089, 0000007B, 00000089, 00000088, 723FFD5A, 00000089, 00000089, 0000007B, 00000089, 00000089, B24006D6, 00000089, 0000008A, 0000007B, 0000008A, 00000089, 123FF840, 0000008A, 0000008B, 0000007B, 0000008B, 0000008A, 123FF235, 0000008B, 0000008C, 0000007B, 0000008C, 0000008B, F24002B0, 0000008C, 0000008D, 0000007B, 0000008D, 0000008C, 72400503, 0000008D, 0000008D, 0000007B, 0000008D, 0000008D, 12833713, 0000008D, 0000008E, 0000007B, 0000008E, 0000008D, 923FFD9B, 0000008E, 0000008E, 0000007B, 0000008E, 0000008E, 523FF72B, 0000008E, 0000008F, 0000007B, 0000008F, 0000008E, 723FF451, 0000008F, 0000008F, 0000007B, 0000008F, 0000008F, 728B0BE9, 0000008F, 00000090, 0000007B, 00000090, 0000008F, D23FFE02, 00000090, 00000090, 0000007B, 00000090, 00000090, 525CE9F4, 00000090, 00000091, 0000007B, 00000091, 00000090, B23FFAD3, 00000091, 00000091, 0000007B, 00000091, 00000091, 52400364, 00000091, 00000092, 0000007B, 00000092, 00000091, D2400438, 00000092, 00000092, 0000007B, 00000092, 00000092, 124004A9, 00000092, 00000093, 0000007B, 00000093, 00000092, D24005C5, 00000093, 00000093, 0000007B, 00000093, 00000093, EEC86741, 00000093, 00000094, 0000007B, 00000094, 00000093, 723FF917, 00000094, 00000094, 0000007B, 00000094, 00000094, 52400698, 00000094, 00000095, 0000007B, 00000095, 00000094, 52687116, 00000095, 00000095, 0000007B, 00000095, 00000095, 00000095, 00000096, 0000007B, 00000096, 00000095, 00000096, 00000096, 0000007B, 00000096, 00000096, 00000096, 00006C7A, 0000007B, 00006C7A, 00000096, 00006C7A, 00000097, 0000007B, 00000097, 00000097, 00000097, 00000097, 0000007B, 00000097, 00006C7A, 00000097, 00000098, 0000007B, 00000098, 00000097, 00000098, 00000099, 0000007B, 00000099, 00000098, 00000099, 0000009A, 0000007B, 0000009A, 00000099, 0000009A, 0000009B, 0000007B, 0000009B, 0000009A, 0000009B, 0000009B, 0000007B, 0000009B, 0000009B, 0000009B, 0000009C, 0000007B, 0000009C, 0000009B, 0000009C, 0000009C, 0000007B, 0000009C, 0000009C, 0000009C, 0000009D, 0000007B, 0000009D, 0000009C, 0000009D, 0000009E, 0000007B, 0000009E, 0000009D, 0000009E, 0000009F, 0000007B, 0000009F, 0000009E, 0000009F, 000000A0, 0000007B, 000000A0, 0000009F, 000000A0, 000000A0, 0000007B, 000000A0, 000000A0, 000000A0, 000000A2, 0000007B, 000000A2, 000000A0, 000000A2, 000000A2, 0000007B, 000000A2, 000000A2, 000000A2, 000000A3, 0000007B, 000000A3, 000000A2, 000000A3, 000000A3, 0000007B, 000000A3, 000000A3, 000000A3, FFC82D71, 0000007B, FFC82D71, 000000A3, FFC82D71, 00010000, 0000007B, 00010000, FFC82D71, 00010000, 00010001, 0000007B, 00010001, 00010000, 00010001, 00010002, 0000007B, 00010002, 00010001, 00010002, FF035E69, 0000007B, FF035E69, 00010002, FF035E69, 00010010, 0000007B, 00010010, FF035E69, 00010010, 00010011, 0000007B, 00010011, 00010010, 00010011, FFD377B3, 0000007B, FFD377B3, 00010011, FFD377B3, FF6E8813, 0000007B, FF6E8813, FFD377B3, FF6E8813, 00010020, 0000007B, 00010020, FF6E8813, 00010020, 00010021, 0000007B, 00010021, 00010020, 00010021, 286B1F03, 0000007B, 286B1F03, 00010021, 286B1F03, 0000486D, 0000007B, 0000486D, 286B1F03, 0000486D, FF8AFE8D, 0000007B, FF8AFE8D, 0000486D, FF8AFE8D, FF58632E, 0000007B, FF58632E, FF8AFE8D, FF58632E, FF753AAF, 0000007B, FF753AAF, FF58632E, FF753AAF, FFDAEFDD, 0000007B, FFDAEFDD, FF753AAF, FFDAEFDD, 0000007B, FFDAEFDD, 0000007B, 0000007B, 0000007B, 0000007B, 0000007B, 0000007B, 0000007B, 0000007B, 0000007B, 0000007B, 0000007B, 0000007B, 0000007B, 0000007B, 0000007B, 0000007B, 0000007B, 0000007B, 0000007B, 0000007B, 0000007B, 0000007B, 0000007B, 0000007B, 0000007B, 0000007B, 0000007B, 0000007B, 0000007B, 0000007B, 0000007B, 0000007B, 0000007B, 0000007B, 0000007B, 0000007B, 0000007B, 0000007B, 0000007B, 0000007B, 0000007B, 0000007B, 0000007B, 0000007B, 0000007B, 0000007B, 0000007B, 0000007B, 0000007B, 0000007B, 0000007B, 0000007B, 0000007B, 0000007B, 0000007B, 0000007B, 0000007B, 0000007B, 0000007B, 0000007B, 0000007B, 0000007B, 0000007B, 0000007B, 0000007B, 0000007B, 0000007B, 0000007B, 0000007B, 0000007B, 0000007B, 0000007B, 0000007B, 0000007B, 0000007B, 0000007B, 0000007B, 0000007B, 0000007B, 0000007B, 0000007B, 0000007B, 0000007B, 0000007B, 0000007B, 0000007B, 0000007B, 0000007B, 0000007B, 0000007B, 0000007B, 0000007B, 0000007B, 0000007B, 0000007B, 0000007B, 0000007B, 0000007B, 0000007B, 0000007B, 0000007B, 0000007B, 0000007B, 0000007B, 0000007B, 0000007B, 0000007B, 0000007B, 0000007B, 0000007B, 0000007B, 0000007B, 0000007B, 0000007B, 0000007B, 0000007B, 0000007B, 0000007B, 0000007B, 0000007B, 0000007B, 0000007B, 0000007B, 0000007B, 0000007B, 0000007B, 0000007B, 0000007B, 0000007B, 0000007B, 0000007B, 0000007B, 0000007B, 0000007B, 0000007B, 0000007B, 0000007B, 0000007B, 0000007B, 0000007B, 0000007B, 0000007B, 0000007B, 0000007B, 0000007B, 0000007B, 0000007B, 0000007B, 0000007B, 0000007B, 0000007B, 0000007B, 0000007B, 0000007B, 0000007B, 0000007B, 0000007B, 0000007B, 0000007B, 0000007B, 0000007B, 0000007B, 0000007B, 0000007B, 0000007B, 0000007B, 0000007B, 0000007B, 0000007B, 0000007B, 0000007B, 0000007B, 0000007B, 0000007B, 0000007B, 0000007B, 0000007B, 0000007B, 0000007B, 0000007B, 0000007B, 0000007B, 0000007B, 0000007B, 0000007B, 0000007B, 0000007B, 0000007B, 0000007B, 0000007B, 0000007B, 0000007B, 0000007B, 0000007B, 0000007B, 2CC13A9D, 2CDE0612, 0CC144B3, 2CD65323, 2CC261FB, 0CDE041A, EDD36CFD, ACDCC292, 6D0B328D, CCDE0404, 0CDE042E, 2CD65943, 8CE497BD, 2CDD090A, 8CDE061E, 6CDE0424, 2D803899, 2CC0F87E, 0CC144E1, 8CC12EB1, 4CD65553, CCD9186F, ECE497C7, ECDE0628, ACD92288, 4D0B3CCE, CCC2601F, 4CDD0B32, 0CC13EF7, 6CD66374, 2CDE0660, ECE497DE, CCD64B49, ACD64F55, 8CE497FF, 4CDD0B49, ECC2562A, 8CDD0942, 2CDE067F, 0D5CAF9F, CCD91EB0, 8CC13B00, 8CE49814, 2D0DBFF4, ECD501EC, ECE4980A, ACD50400, 0CDE0498, 0CDF9269, CCD663A2, 2CDD097C, ACDCC314, 2D0EA51E, 2D0EAB27, 0CD91EFD, 0CDE04AE, CCDCBF0E, 0CC26097, 8CD66BCB, 2D5B8A7A, ECC12F12, 8CDE06A7, 4CDD0B90, ECC25672, 8CE49851, 8CD653C2, 6CE48446, 0CDE04CD, 2CDE06CE, ACD655CB, 2CDE06D7, 0CDCBF65, ECD64DBE, 2CDE00D8, CD0DAC16, 2CDE06E1, 6CE48461, 2CD653F9, 6CDE04E0, ECE49870, 2CDE00F3, 4CD9173C, CCE48470, ECD66608, 8CD66C25, 2CDD09E8, 0CE4B4DA, 8DD9E789, 0CDE051E, ACDE02FC, 2D0DC08A, ECD66015, 4CDD0BF7, 2CE498C5, 2CDE0726, ACC13798, 8CDE0715, ECC1419A, 0CD65E4D, 2CE498CF, 0D0DB899, 0CD64C3B, CCD9195B, 4CDD0C0B, 2CE498D8, 0CDE0B47, ECDE010F, 2D0EB1C4, 0CD90777, 0CDE0543, ACDE0327, ECD65431, 8CDD0A12, CCC26112, 0CDE0555, CCDE0539, CCE484C5, 8CDE0143, 0CD500EC, 0CDE0567, 8CE498F1, 4CDE0359, ACC25F2D, 2CDE015F, 2CE49908, 2CD64E70, CCC2612F, ECC12FCB, CCD66473, CCE484DD, ECDD0A28, 6CD64C6E, ECD502DF, 0CD664A7, 2CD6609D, 6CDE0571, 4CD65088, 0CE4972A, 6CD907AE, 4CDE0389, CD8037D1, 6CD91FD5, ECE49912, 0CE4973E, 0CDE059F, 0CE4852C, CCDE057B, 6CD5011D, CCD6529B, ACD662B4, ECE4992B, ACC25F7A, 6CC50AA2, 6CC0F7E7, 286B1F03, 4CDE03BF, CCE48539, CCDE05B0, 8CD648C0, ED0EAC2F, CCC2619E, 2CD90A0E, CCDE05BA, ACC25FAB, 6CE49776, 0CD92038, CDD9E649, 4CC25FC7, CCDE05CE, 6CD66508, ACD66904, 2CC25DD8, 2CD648FE, CD5B89A2, 6CD6590A, ACC13E7B, 4CDE03FA, 8D0EA66D, CCD65F08, 0CD5019A, 0CEA1414, 8CC13C8D, ACD6631B, 6CD9083E, 6CC146AB, 4CC6427C, CCEA13FD, 8CD6612A, ECDD0AD4, CCDE05FF, ECC263E2, CCDE0608, 4CC259FE, ACD91E6B, 2D0B36B7, 4CDE043A, 6CDE063D, 6CD6534E, AD0EAEB6, 2CC13CE4, ACDCFB03, EDB260CC, CCDE0634, 8DD36F45, 6CD926A1, 2CD66781, 6CC26235, 2CC26445, 6CDE0653, 6CDD0932, CCE497E9, 2CC25E4A, 0CD6659B, CCD90886, CCE497F4, 2CD65B8F, CCD6475C, 6CD6598A, 0CE49828, 6CDE0675, CCC134EB, 8CD64976, 0CDE069A, 0CC0F8DD, 4CD65DAB, 6CDD0965, 6DD9E713, 6CC1472B, 2CC13D2D, ACDE0483, ACD918D9, 8D0EAD19, CCDE068E, 2CD649B3, 6CD665C9, CCE49835, ACC13F2E, 4DD371BB, 4CD663DA, 4CC14554, 6CDD098F, ACC2608E, 6CE4985B, ACE4843A, 0CD659E8, ECD922F8, 0CC262B9, 4CE48452, ECD65BC3, CCDE06B2, ACDE04B8, 0CDE06EA, 6DD9E75D, CCE49866, 2CDD05BB, 8CDE02CF, ECC1374C, 2CD6680F, 2CDD0BC6, ACDF8C96, 8CD65BF2, 4D0EA967, 0CDE06FB, 2CC25EDA, EDD36FDA 
 Location:  
 PackageName:  
 Game: 0 
 DBPF:  
 Major: 0 
 Minor: 0 
 Date Created: 0 
 Date Modified: 0 
 Index Major Version: 0 
 Index Count: 0 
 Index Offset: 0 
 Index Size: 0 
 Holes Count: 0 
 Holes Offset: 0 
 Holes Size: 0 
 Index Minor Version: 0 
 XML Type:  
 XML Subtype: 0 
 XML Category:  
 XML Model Name:  
 Object GUIDs:  
 XML Creator:  
 XML Age:  
 XML Gender:  
 Required EPs:  
 Function:  
 Function Subcategory:  
 Room Sort:  
 Entries:  
 Has Mesh: False 
 Is Recolor: False 
 Orphaned: False
2:48:30 PM: Title: Cars Collection 
 Description:  
 Type: Misc Mesh 
 InstanceID: ACD65DFF, 0D05BF31, 4CDE0502, 8CDD0BDA, CCDE06F3, CCD65A18, 6D0B3B98, 4CE484AA, 0CD91B7A, 4CD66446, CCDE070C, 0D5B8AFC, 6D0B359D, ECD64A12, CCD66639, 6CC135B2, CCDF8EDE, 2CDE0336, 6DD9E7B5, CCDE071D, 2DB24FCC, 0CD66068, ACE484B6, ECD65632, ACDE052D, 2DD3705F, 8CC143EA, 4CDE055D, 4CD6526D, 4CE484F4, 2CD917B6, 4CC13FFF, 6CDCC1F0, CCE498FB, ACE484EA, 8CC14402, 2CDE037E, CD0F1E67, ACE4970C, 6CE4991C, ECD6688E, 0CE49935, ECDE0364, 2CDE0393, 4CC25567, ACE4850B, ECD64A7F, CCDE017B, CCC14219, ACE49734, ACDE0594, 2CD64AB4, 4CE4974D, 2CDE03B4, 8CC0F5E6, 8CD656BE, 0CD65AEC, ACE48543, 8D0F20C6, ECDE03AA, CCD666E0, 4CC1406C, 6DB2606F, 8CDE03C8, 4CDE05D8, ACC261AC, 4CDD08B5, CCD660E5, ACE48558, CCC14264, 4CD646E6, 0CD6671B, CCD5035B, 8CDE03DC, 0CE760E0, 4CE49799, CCDD0ABC, 0CDD0AE9, ECD9182B, 4CE497A6, ACDE05F5, 2CD66938, ACC12E7A, 2CDE0410, 6CD65B27, 4CDD08F0, ED0EA873, CCD92251, ACDD08E0, 0CDD0B04, 6CC25DF6, 6CD6673F, 2CC13EB9, ECD90634, ACDCC095, 4CD6654B, 2D0DAB8B, ECD64B15, 0CD503C7, 8CC13EB8, 6CC142C4, ACC140BB, CCC142B8, 6CD64940, ACE497D2, 4CD65F62, ECD66349, 8CDE044A, 2CD65D7B, ACDD0921, ACDE0649, ACD92099, 2CC144FE, 2D0DB7CE, ECD66972, 8CD918A4, ED0F2153, 4CD65385, 4CDD0952, ACDE066A, 8CDE0479, 2CDE048D, 0CD64FA1, 6CD65597, 6CDD0B64, ACE4981E, 4CD908C5, 2CD64B9F, CDB2611C, ECC25A55, ECDF8C3E, 4CD5022E, ACC14131, 0CD667E2, 0CD661DF, ACE49846, 4CDE06BC, ECD906CE, ACD65FCD, 2CC14565, 6CDD0595, ECD5002E, 8CDE04C4, 0CDE02DB, CCDE02B7, 4CD647D8, ACDE06C5, 2CD651EE, 0CDE02E9, 6CC25EBD, CCC13D5D, 8CDE04D7, 6CDCC369, CCD64FDD, CCC0F511, ECD64BD4, 4CD50276, 8CC25AC0, 2CD91F45, CCC26AC8, ACDD09BB, 6CD65601, 2CE48493, ECD66408, 8CE48486, 4CC0F346, 0CC143B1, CCD66213, 2CE4849E, ECDE04EC, 6CC13D9D, ECE4847C, 0CDE031C, ACDE0704, ECC14593, ECDE04F7, 4CE498BC, 0CD66247, 4CC26302, 4CC141B2, 2DD3722A, ECC13F92, 4CD64821, 0CD66854, 0CD6503C, 0D5B990C, CCD65C2A, 2DD36C32, CCDE030F, ECDE050E, CD0B2B88, ECD5009A, ECD65227, 2CC25B1F, 4CD90971, 4CD66668, ECDF8CED, CCD91779, ADD36E3C, ACD65A54, 6CDE0348, 2CDE0B60, ACE498E4, CCC25F20, 8CE484D5, 4CDD0A3E, 4CC25D45, 6CD66280, 0CDE0373, 8CE496FE, ECD91F9A, ECDE054C, 2CD6588C, 4CC2635D, 2DD9E605, 2CE49721, ECD919A8, 8CE48500, 2CDE0589, 2CE48516 
 Location:  
 PackageName:  
 Game: 0 
 DBPF:  
 Major: 0 
 Minor: 0 
 Date Created: 0 
 Date Modified: 0 
 Index Major Version: 0 
 Index Count: 0 
 Index Offset: 0 
 Index Size: 0 
 Holes Count: 0 
 Holes Offset: 0 
 Holes Size: 0 
 Index Minor Version: 0 
 XML Type:  
 XML Subtype: 0 
 XML Category:  
 XML Model Name:  
 Object GUIDs:  
 XML Creator:  
 XML Age:  
 XML Gender:  
 Required EPs:  
 Function:  
 Function Subcategory:  
 Room Sort:  
 Entries:  
 Has Mesh: False 
 Is Recolor: False 
 Orphaned: False
2:49:03 PM: Title:  
 Description:  
 Type: Misc Mesh 
 InstanceID:  
 Location:  
 PackageName:  
 Game: 0 
 DBPF:  
 Major: 0 
 Minor: 0 
 Date Created: 0 
 Date Modified: 0 
 Index Major Version: 0 
 Index Count: 0 
 Index Offset: 0 
 Index Size: 0 
 Holes Count: 0 
 Holes Offset: 0 
 Holes Size: 0 
 Index Minor Version: 0 
 XML Type:  
 XML Subtype: 0 
 XML Category:  
 XML Model Name:  
 Object GUIDs:  
 XML Creator:  
 XML Age:  
 XML Gender:  
 Required EPs:  
 Function:  
 Function Subcategory:  
 Room Sort:  
 Entries:  
 Has Mesh: False 
 Is Recolor: False 
 Orphaned: False
2:49:03 PM: Title:  
 Description:  
 Type: Misc Mesh 
 InstanceID:  
 Location:  
 PackageName:  
 Game: 0 
 DBPF:  
 Major: 0 
 Minor: 0 
 Date Created: 0 
 Date Modified: 0 
 Index Major Version: 0 
 Index Count: 0 
 Index Offset: 0 
 Index Size: 0 
 Holes Count: 0 
 Holes Offset: 0 
 Holes Size: 0 
 Index Minor Version: 0 
 XML Type:  
 XML Subtype: 0 
 XML Category:  
 XML Model Name:  
 Object GUIDs:  
 XML Creator:  
 XML Age:  
 XML Gender:  
 Required EPs:  
 Function:  
 Function Subcategory:  
 Room Sort:  
 Entries:  
 Has Mesh: False 
 Is Recolor: False 
 Orphaned: False
2:49:03 PM: Title:  
 Description:  
 Type: Misc Mesh 
 InstanceID:  
 Location:  
 PackageName:  
 Game: 0 
 DBPF:  
 Major: 0 
 Minor: 0 
 Date Created: 0 
 Date Modified: 0 
 Index Major Version: 0 
 Index Count: 0 
 Index Offset: 0 
 Index Size: 0 
 Holes Count: 0 
 Holes Offset: 0 
 Holes Size: 0 
 Index Minor Version: 0 
 XML Type:  
 XML Subtype:  
 XML Category:  
 XML Model Name:  
 Object GUIDs:  
 XML Creator:  
 XML Age:  
 XML Gender:  
 Required EPs:  
 Function:  
 Function Subcategory:  
 Room Sort:  
 Entries:  
 Has Mesh: False 
 Is Recolor: False 
 Orphaned: False
2:50:17 PM: Title:  
 Description:  
 Type:  
 InstanceID:  
 Location:  
 PackageName:  
 Game: 0 
 DBPF:  
 Major: 0 
 Minor: 0 
 Date Created: 0 
 Date Modified: 0 
 Index Major Version: 0 
 Index Count: 0 
 Index Offset: 0 
 Index Size: 0 
 Holes Count: 0 
 Holes Offset: 0 
 Holes Size: 0 
 Index Minor Version: 0 
 XML Type:  
 XML Subtype: 0 
 XML Category:  
 XML Model Name:  
 Object GUIDs:  
 XML Creator:  
 XML Age:  
 XML Gender:  
 Required EPs:  
 Function:  
 Function Subcategory:  
 Room Sort:  
 Entries:  
 Has Mesh: False 
 Is Recolor: False 
 Orphaned: False
